#
# There is insufficient memory for the Java Runtime Environment to continue.
# Native memory allocation (malloc) failed to allocate 1048576 bytes for AllocateHeap
# Possible reasons:
#   The system is out of physical RAM or swap space
#   The process is running with CompressedOops enabled, and the Java Heap may be blocking the growth of the native heap
# Possible solutions:
#   Reduce memory load on the system
#   Increase physical memory or swap space
#   Check if swap backing store is full
#   Decrease Java heap size (-Xmx/-Xms)
#   Decrease number of Java threads
#   Decrease Java thread stack sizes (-Xss)
#   Set larger code cache with -XX:ReservedCodeCacheSize=
#   JVM is running with Unscaled Compressed Oops mode in which the Java heap is
#     placed in the first 4GB address space. The Java Heap base address is the
#     maximum limit for the native heap growth. Please use -XX:HeapBaseMinAddress
#     to set the Java Heap base and to place the Java Heap above 4GB virtual address.
# This output file may be truncated or incomplete.
#
#  Out of Memory Error (./open/src/hotspot/share/memory/allocation.cpp:44), pid=20252, tid=22384
#
# JRE version: OpenJDK Runtime Environment (15.0.2+7) (build 15.0.2+7-27)
# Java VM: OpenJDK 64-Bit Server VM (15.0.2+7-27, mixed mode, tiered, compressed oops, g1 gc, windows-amd64)
# No core dump will be written. Minidumps are not enabled by default on client versions of Windows
#

---------------  S U M M A R Y ------------

Command Line: -Dfile.encoding=Cp1252 -XX:+ShowCodeDetailsInExceptionMessages myVendingMachine.vendingMachineMain

Host: AMD Ryzen 3 3200G with Radeon Vega Graphics    , 4 cores, 5G,  Windows 10 , 64 bit Build 19041 (10.0.19041.1023)
Time: Wed Jul 14 23:26:15 2021 Malay Peninsula Standard Time elapsed time: 0.367303 seconds (0d 0h 0m 0s)

---------------  T H R E A D  ---------------

Current thread (0x0000020c1dc12920):  VMThread "VM Thread" [stack: 0x000000e115000000,0x000000e115100000] [id=22384]

Stack: [0x000000e115000000,0x000000e115100000]
[error occurred during error reporting (printing stack bounds), id 0xc0000005, EXCEPTION_ACCESS_VIOLATION (0xc0000005) at pc=0x0000020c087210ad]

Native frames: (J=compiled Java code, j=interpreted, Vv=VM code, C=native code)
V  [jvm.dll+0x62ae9a]
V  [jvm.dll+0x7817a9]
V  [jvm.dll+0x782f03]
V  [jvm.dll+0x7834c5]
V  [jvm.dll+0x78347b]
V  [jvm.dll+0x62a2b9]
V  [jvm.dll+0x62aa88]
C  [ntdll.dll+0xa217f]
C  [ntdll.dll+0x51454]
C  [ntdll.dll+0xa0cae]
C  0x0000020c087210ad

VM_Operation (0x000000e114afd7c0): CollectForMetadataAllocation, mode: safepoint, requested by thread 0x0000020c034fe8f0


---------------  P R O C E S S  ---------------

Threads class SMR info:
_java_thread_list=0x0000020c1eb0e8e0, length=14, elements={
0x0000020c034fe8f0, 0x0000020c1dc4c420, 0x0000020c1dc4ced0, 0x0000020c1dc39510,
0x0000020c1e574410, 0x0000020c1e576ce0, 0x0000020c1e57afc0, 0x0000020c1e57ead0,
0x0000020c1e57f9b0, 0x0000020c1e6f5e70, 0x0000020c1e7106f0, 0x0000020c1eb4d300,
0x0000020c1eb52360, 0x0000020c1eb4de20
}

Java Threads: ( => current thread )
  0x0000020c034fe8f0 JavaThread "main" [_thread_blocked, id=21512, stack(0x000000e114a00000,0x000000e114b00000)]
  0x0000020c1dc4c420 JavaThread "Reference Handler" daemon [_thread_blocked, id=7960, stack(0x000000e115100000,0x000000e115200000)]
  0x0000020c1dc4ced0 JavaThread "Finalizer" daemon [_thread_blocked, id=12832, stack(0x000000e115200000,0x000000e115300000)]
  0x0000020c1dc39510 JavaThread "Signal Dispatcher" daemon [_thread_blocked, id=20032, stack(0x000000e115300000,0x000000e115400000)]
  0x0000020c1e574410 JavaThread "Attach Listener" daemon [_thread_blocked, id=20604, stack(0x000000e115400000,0x000000e115500000)]
  0x0000020c1e576ce0 JavaThread "Service Thread" daemon [_thread_blocked, id=22476, stack(0x000000e115500000,0x000000e115600000)]
  0x0000020c1e57afc0 JavaThread "C2 CompilerThread0" daemon [_thread_blocked, id=21992, stack(0x000000e115600000,0x000000e115700000)]
  0x0000020c1e57ead0 JavaThread "C1 CompilerThread0" daemon [_thread_blocked, id=14088, stack(0x000000e115700000,0x000000e115800000)]
  0x0000020c1e57f9b0 JavaThread "Sweeper thread" daemon [_thread_blocked, id=20660, stack(0x000000e115800000,0x000000e115900000)]
  0x0000020c1e6f5e70 JavaThread "Notification Thread" daemon [_thread_blocked, id=10048, stack(0x000000e115900000,0x000000e115a00000)]
  0x0000020c1e7106f0 JavaThread "Common-Cleaner" daemon [_thread_blocked, id=9636, stack(0x000000e115b00000,0x000000e115c00000)]
  0x0000020c1eb4d300 JavaThread "Java2D Disposer" daemon [_thread_blocked, id=22480, stack(0x000000e115c00000,0x000000e115d00000)]
  0x0000020c1eb52360 JavaThread "AWT-Shutdown" [_thread_blocked, id=19944, stack(0x000000e115d00000,0x000000e115e00000)]
  0x0000020c1eb4de20 JavaThread "AWT-Windows" daemon [_thread_in_native, id=21828, stack(0x000000e115e00000,0x000000e115f00000)]

Other Threads:
=>0x0000020c1dc12920 VMThread "VM Thread" [stack: 0x000000e115000000,0x000000e115100000] [id=22384]
  0x0000020c1e6f6340 WatcherThread [stack: 0x000000e115a00000,0x000000e115b00000] [id=20236]
  0x0000020c035355d0 GCTaskThread "GC Thread#0" [stack: 0x000000e114b00000,0x000000e114c00000] [id=19540]
  0x0000020c1eb9cdf0 GCTaskThread "GC Thread#1" [stack: 0x000000e115f00000,0x000000e116000000] [id=22496]
  0x0000020c1eb9c790 GCTaskThread "GC Thread#2" [stack: 0x000000e116000000,0x000000e116100000] [id=22500]
  0x0000020c1eb9e440 GCTaskThread "GC Thread#3" [stack: 0x000000e116100000,0x000000e116200000] [id=22464]
  0x0000020c03543730 ConcurrentGCThread "G1 Main Marker" [stack: 0x000000e114c00000,0x000000e114d00000] [id=19544]
  0x0000020c03544b40 ConcurrentGCThread "G1 Conc#0" [stack: 0x000000e114d00000,0x000000e114e00000] [id=19008]
  0x0000020c035a4cc0 ConcurrentGCThread "G1 Refine#0" [stack: 0x000000e114e00000,0x000000e114f00000] [id=3144]
  0x0000020c035a68d0 ConcurrentGCThread "G1 Young RemSet Sampling" [stack: 0x000000e114f00000,0x000000e115000000] [id=15696]

Threads with active compile tasks:

VM state: at safepoint (normal execution)

VM Mutex/Monitor currently owned by a thread:  ([mutex/lock_event])
[0x0000020c034f93d0] Threads_lock - owner thread: 0x0000020c1dc12920
[0x0000020c034fa5d0] Heap_lock - owner thread: 0x0000020c034fe8f0

Heap address: 0x00000000a0c00000, size: 1524 MB, Compressed Oops mode: 32-bit
CDS disabled.
Compressed class space mapped at: 0x0000000100000000-0x0000000140000000, size: 1073741824
Narrow klass base: 0x0000000000000000, Narrow klass shift: 3, Narrow klass range: 0x140000000

GC Precious Log:
 CPUs: 4 total, 4 available
 Memory: 6092M
 Large Page Support: Disabled
 NUMA Support: Disabled
 Compressed Oops: Enabled (32-bit)
 Heap Region Size: 1M
 Heap Min Capacity: 8M
 Heap Initial Capacity: 96M
 Heap Max Capacity: 1524M
 Pre-touch: Disabled
 Parallel Workers: 4
 Concurrent Workers: 1
 Concurrent Refinement Workers: 4
 Periodic GC: Disabled

Heap:
 garbage-first heap   total 98304K, used 1326K [0x00000000a0c00000, 0x0000000100000000)
  region size 1024K, 2 young (2048K), 2 survivors (2048K)
 Metaspace       used 10134K, capacity 10250K, committed 10368K, reserved 1067008K
  class space    used 963K, capacity 1045K, committed 1152K, reserved 1048576K

Heap Regions: E=young(eden), S=young(survivor), O=old, HS=humongous(starts), HC=humongous(continues), CS=collection set, F=free, OA=open archive, CA=closed archive, TAMS=top-at-mark-start (previous, next)
|   0|0x00000000a0c00000, 0x00000000a0c00000, 0x00000000a0d00000|  0%| F|  |TAMS 0x00000000a0c00000, 0x00000000a0c00000| Untracked 
|   1|0x00000000a0d00000, 0x00000000a0d00000, 0x00000000a0e00000|  0%| F|  |TAMS 0x00000000a0d00000, 0x00000000a0d00000| Untracked 
|   2|0x00000000a0e00000, 0x00000000a0e00000, 0x00000000a0f00000|  0%| F|  |TAMS 0x00000000a0e00000, 0x00000000a0e00000| Untracked 
|   3|0x00000000a0f00000, 0x00000000a0f00000, 0x00000000a1000000|  0%| F|  |TAMS 0x00000000a0f00000, 0x00000000a0f00000| Untracked 
|   4|0x00000000a1000000, 0x00000000a1000000, 0x00000000a1100000|  0%| F|  |TAMS 0x00000000a1000000, 0x00000000a1000000| Untracked 
|   5|0x00000000a1100000, 0x00000000a1100000, 0x00000000a1200000|  0%| F|  |TAMS 0x00000000a1100000, 0x00000000a1100000| Untracked 
|   6|0x00000000a1200000, 0x00000000a1200000, 0x00000000a1300000|  0%| F|  |TAMS 0x00000000a1200000, 0x00000000a1200000| Untracked 
|   7|0x00000000a1300000, 0x00000000a1300000, 0x00000000a1400000|  0%| F|  |TAMS 0x00000000a1300000, 0x00000000a1300000| Untracked 
|   8|0x00000000a1400000, 0x00000000a1400000, 0x00000000a1500000|  0%| F|  |TAMS 0x00000000a1400000, 0x00000000a1400000| Untracked 
|   9|0x00000000a1500000, 0x00000000a1500000, 0x00000000a1600000|  0%| F|  |TAMS 0x00000000a1500000, 0x00000000a1500000| Untracked 
|  10|0x00000000a1600000, 0x00000000a1600000, 0x00000000a1700000|  0%| F|  |TAMS 0x00000000a1600000, 0x00000000a1600000| Untracked 
|  11|0x00000000a1700000, 0x00000000a1700000, 0x00000000a1800000|  0%| F|  |TAMS 0x00000000a1700000, 0x00000000a1700000| Untracked 
|  12|0x00000000a1800000, 0x00000000a1800000, 0x00000000a1900000|  0%| F|  |TAMS 0x00000000a1800000, 0x00000000a1800000| Untracked 
|  13|0x00000000a1900000, 0x00000000a1900000, 0x00000000a1a00000|  0%| F|  |TAMS 0x00000000a1900000, 0x00000000a1900000| Untracked 
|  14|0x00000000a1a00000, 0x00000000a1a00000, 0x00000000a1b00000|  0%| F|  |TAMS 0x00000000a1a00000, 0x00000000a1a00000| Untracked 
|  15|0x00000000a1b00000, 0x00000000a1b00000, 0x00000000a1c00000|  0%| F|  |TAMS 0x00000000a1b00000, 0x00000000a1b00000| Untracked 
|  16|0x00000000a1c00000, 0x00000000a1c00000, 0x00000000a1d00000|  0%| F|  |TAMS 0x00000000a1c00000, 0x00000000a1c00000| Untracked 
|  17|0x00000000a1d00000, 0x00000000a1d00000, 0x00000000a1e00000|  0%| F|  |TAMS 0x00000000a1d00000, 0x00000000a1d00000| Untracked 
|  18|0x00000000a1e00000, 0x00000000a1e00000, 0x00000000a1f00000|  0%| F|  |TAMS 0x00000000a1e00000, 0x00000000a1e00000| Untracked 
|  19|0x00000000a1f00000, 0x00000000a1f00000, 0x00000000a2000000|  0%| F|  |TAMS 0x00000000a1f00000, 0x00000000a1f00000| Untracked 
|  20|0x00000000a2000000, 0x00000000a2000000, 0x00000000a2100000|  0%| F|  |TAMS 0x00000000a2000000, 0x00000000a2000000| Untracked 
|  21|0x00000000a2100000, 0x00000000a2100000, 0x00000000a2200000|  0%| F|  |TAMS 0x00000000a2100000, 0x00000000a2100000| Untracked 
|  22|0x00000000a2200000, 0x00000000a2200000, 0x00000000a2300000|  0%| F|  |TAMS 0x00000000a2200000, 0x00000000a2200000| Untracked 
|  23|0x00000000a2300000, 0x00000000a2300000, 0x00000000a2400000|  0%| F|  |TAMS 0x00000000a2300000, 0x00000000a2300000| Untracked 
|  24|0x00000000a2400000, 0x00000000a2400000, 0x00000000a2500000|  0%| F|  |TAMS 0x00000000a2400000, 0x00000000a2400000| Untracked 
|  25|0x00000000a2500000, 0x00000000a2500000, 0x00000000a2600000|  0%| F|  |TAMS 0x00000000a2500000, 0x00000000a2500000| Untracked 
|  26|0x00000000a2600000, 0x00000000a2600000, 0x00000000a2700000|  0%| F|  |TAMS 0x00000000a2600000, 0x00000000a2600000| Untracked 
|  27|0x00000000a2700000, 0x00000000a2700000, 0x00000000a2800000|  0%| F|  |TAMS 0x00000000a2700000, 0x00000000a2700000| Untracked 
|  28|0x00000000a2800000, 0x00000000a2800000, 0x00000000a2900000|  0%| F|  |TAMS 0x00000000a2800000, 0x00000000a2800000| Untracked 
|  29|0x00000000a2900000, 0x00000000a2900000, 0x00000000a2a00000|  0%| F|  |TAMS 0x00000000a2900000, 0x00000000a2900000| Untracked 
|  30|0x00000000a2a00000, 0x00000000a2a00000, 0x00000000a2b00000|  0%| F|  |TAMS 0x00000000a2a00000, 0x00000000a2a00000| Untracked 
|  31|0x00000000a2b00000, 0x00000000a2b00000, 0x00000000a2c00000|  0%| F|  |TAMS 0x00000000a2b00000, 0x00000000a2b00000| Untracked 
|  32|0x00000000a2c00000, 0x00000000a2c00000, 0x00000000a2d00000|  0%| F|  |TAMS 0x00000000a2c00000, 0x00000000a2c00000| Untracked 
|  33|0x00000000a2d00000, 0x00000000a2d00000, 0x00000000a2e00000|  0%| F|  |TAMS 0x00000000a2d00000, 0x00000000a2d00000| Untracked 
|  34|0x00000000a2e00000, 0x00000000a2e00000, 0x00000000a2f00000|  0%| F|  |TAMS 0x00000000a2e00000, 0x00000000a2e00000| Untracked 
|  35|0x00000000a2f00000, 0x00000000a2f00000, 0x00000000a3000000|  0%| F|  |TAMS 0x00000000a2f00000, 0x00000000a2f00000| Untracked 
|  36|0x00000000a3000000, 0x00000000a3000000, 0x00000000a3100000|  0%| F|  |TAMS 0x00000000a3000000, 0x00000000a3000000| Untracked 
|  37|0x00000000a3100000, 0x00000000a3100000, 0x00000000a3200000|  0%| F|  |TAMS 0x00000000a3100000, 0x00000000a3100000| Untracked 
|  38|0x00000000a3200000, 0x00000000a3200000, 0x00000000a3300000|  0%| F|  |TAMS 0x00000000a3200000, 0x00000000a3200000| Untracked 
|  39|0x00000000a3300000, 0x00000000a3300000, 0x00000000a3400000|  0%| F|  |TAMS 0x00000000a3300000, 0x00000000a3300000| Untracked 
|  40|0x00000000a3400000, 0x00000000a3400000, 0x00000000a3500000|  0%| F|  |TAMS 0x00000000a3400000, 0x00000000a3400000| Untracked 
|  41|0x00000000a3500000, 0x00000000a3500000, 0x00000000a3600000|  0%| F|  |TAMS 0x00000000a3500000, 0x00000000a3500000| Untracked 
|  42|0x00000000a3600000, 0x00000000a3600000, 0x00000000a3700000|  0%| F|  |TAMS 0x00000000a3600000, 0x00000000a3600000| Untracked 
|  43|0x00000000a3700000, 0x00000000a3700000, 0x00000000a3800000|  0%| F|  |TAMS 0x00000000a3700000, 0x00000000a3700000| Untracked 
|  44|0x00000000a3800000, 0x00000000a3800000, 0x00000000a3900000|  0%| F|  |TAMS 0x00000000a3800000, 0x00000000a3800000| Untracked 
|  45|0x00000000a3900000, 0x00000000a3900000, 0x00000000a3a00000|  0%| F|  |TAMS 0x00000000a3900000, 0x00000000a3900000| Untracked 
|  46|0x00000000a3a00000, 0x00000000a3a00000, 0x00000000a3b00000|  0%| F|  |TAMS 0x00000000a3a00000, 0x00000000a3a00000| Untracked 
|  47|0x00000000a3b00000, 0x00000000a3b00000, 0x00000000a3c00000|  0%| F|  |TAMS 0x00000000a3b00000, 0x00000000a3b00000| Untracked 
|  48|0x00000000a3c00000, 0x00000000a3c00000, 0x00000000a3d00000|  0%| F|  |TAMS 0x00000000a3c00000, 0x00000000a3c00000| Untracked 
|  49|0x00000000a3d00000, 0x00000000a3d00000, 0x00000000a3e00000|  0%| F|  |TAMS 0x00000000a3d00000, 0x00000000a3d00000| Untracked 
|  50|0x00000000a3e00000, 0x00000000a3e00000, 0x00000000a3f00000|  0%| F|  |TAMS 0x00000000a3e00000, 0x00000000a3e00000| Untracked 
|  51|0x00000000a3f00000, 0x00000000a3f00000, 0x00000000a4000000|  0%| F|  |TAMS 0x00000000a3f00000, 0x00000000a3f00000| Untracked 
|  52|0x00000000a4000000, 0x00000000a4000000, 0x00000000a4100000|  0%| F|  |TAMS 0x00000000a4000000, 0x00000000a4000000| Untracked 
|  53|0x00000000a4100000, 0x00000000a4100000, 0x00000000a4200000|  0%| F|  |TAMS 0x00000000a4100000, 0x00000000a4100000| Untracked 
|  54|0x00000000a4200000, 0x00000000a4200000, 0x00000000a4300000|  0%| F|  |TAMS 0x00000000a4200000, 0x00000000a4200000| Untracked 
|  55|0x00000000a4300000, 0x00000000a4300000, 0x00000000a4400000|  0%| F|  |TAMS 0x00000000a4300000, 0x00000000a4300000| Untracked 
|  56|0x00000000a4400000, 0x00000000a4400000, 0x00000000a4500000|  0%| F|  |TAMS 0x00000000a4400000, 0x00000000a4400000| Untracked 
|  57|0x00000000a4500000, 0x00000000a4500000, 0x00000000a4600000|  0%| F|  |TAMS 0x00000000a4500000, 0x00000000a4500000| Untracked 
|  58|0x00000000a4600000, 0x00000000a4600000, 0x00000000a4700000|  0%| F|  |TAMS 0x00000000a4600000, 0x00000000a4600000| Untracked 
|  59|0x00000000a4700000, 0x00000000a4700000, 0x00000000a4800000|  0%| F|  |TAMS 0x00000000a4700000, 0x00000000a4700000| Untracked 
|  60|0x00000000a4800000, 0x00000000a4800000, 0x00000000a4900000|  0%| F|  |TAMS 0x00000000a4800000, 0x00000000a4800000| Untracked 
|  61|0x00000000a4900000, 0x00000000a4900000, 0x00000000a4a00000|  0%| F|  |TAMS 0x00000000a4900000, 0x00000000a4900000| Untracked 
|  62|0x00000000a4a00000, 0x00000000a4a00000, 0x00000000a4b00000|  0%| F|  |TAMS 0x00000000a4a00000, 0x00000000a4a00000| Untracked 
|  63|0x00000000a4b00000, 0x00000000a4b00000, 0x00000000a4c00000|  0%| F|  |TAMS 0x00000000a4b00000, 0x00000000a4b00000| Untracked 
|  64|0x00000000a4c00000, 0x00000000a4c00000, 0x00000000a4d00000|  0%| F|  |TAMS 0x00000000a4c00000, 0x00000000a4c00000| Untracked 
|  65|0x00000000a4d00000, 0x00000000a4d00000, 0x00000000a4e00000|  0%| F|  |TAMS 0x00000000a4d00000, 0x00000000a4d00000| Untracked 
|  66|0x00000000a4e00000, 0x00000000a4e00000, 0x00000000a4f00000|  0%| F|  |TAMS 0x00000000a4e00000, 0x00000000a4e00000| Untracked 
|  67|0x00000000a4f00000, 0x00000000a4f00000, 0x00000000a5000000|  0%| F|  |TAMS 0x00000000a4f00000, 0x00000000a4f00000| Untracked 
|  68|0x00000000a5000000, 0x00000000a5000000, 0x00000000a5100000|  0%| F|  |TAMS 0x00000000a5000000, 0x00000000a5000000| Untracked 
|  69|0x00000000a5100000, 0x00000000a5100000, 0x00000000a5200000|  0%| F|  |TAMS 0x00000000a5100000, 0x00000000a5100000| Untracked 
|  70|0x00000000a5200000, 0x00000000a5200000, 0x00000000a5300000|  0%| F|  |TAMS 0x00000000a5200000, 0x00000000a5200000| Untracked 
|  71|0x00000000a5300000, 0x00000000a5300000, 0x00000000a5400000|  0%| F|  |TAMS 0x00000000a5300000, 0x00000000a5300000| Untracked 
|  72|0x00000000a5400000, 0x00000000a5400000, 0x00000000a5500000|  0%| F|  |TAMS 0x00000000a5400000, 0x00000000a5400000| Untracked 
|  73|0x00000000a5500000, 0x00000000a5500000, 0x00000000a5600000|  0%| F|  |TAMS 0x00000000a5500000, 0x00000000a5500000| Untracked 
|  74|0x00000000a5600000, 0x00000000a5600000, 0x00000000a5700000|  0%| F|  |TAMS 0x00000000a5600000, 0x00000000a5600000| Untracked 
|  75|0x00000000a5700000, 0x00000000a5700000, 0x00000000a5800000|  0%| F|  |TAMS 0x00000000a5700000, 0x00000000a5700000| Untracked 
|  76|0x00000000a5800000, 0x00000000a5800000, 0x00000000a5900000|  0%| F|  |TAMS 0x00000000a5800000, 0x00000000a5800000| Untracked 
|  77|0x00000000a5900000, 0x00000000a5900000, 0x00000000a5a00000|  0%| F|  |TAMS 0x00000000a5900000, 0x00000000a5900000| Untracked 
|  78|0x00000000a5a00000, 0x00000000a5a00000, 0x00000000a5b00000|  0%| F|  |TAMS 0x00000000a5a00000, 0x00000000a5a00000| Untracked 
|  79|0x00000000a5b00000, 0x00000000a5b00000, 0x00000000a5c00000|  0%| F|  |TAMS 0x00000000a5b00000, 0x00000000a5b00000| Untracked 
|  80|0x00000000a5c00000, 0x00000000a5c00000, 0x00000000a5d00000|  0%| F|  |TAMS 0x00000000a5c00000, 0x00000000a5c00000| Untracked 
|  81|0x00000000a5d00000, 0x00000000a5d00000, 0x00000000a5e00000|  0%| F|  |TAMS 0x00000000a5d00000, 0x00000000a5d00000| Untracked 
|  82|0x00000000a5e00000, 0x00000000a5e00000, 0x00000000a5f00000|  0%| F|  |TAMS 0x00000000a5e00000, 0x00000000a5e00000| Untracked 
|  83|0x00000000a5f00000, 0x00000000a5f00000, 0x00000000a6000000|  0%| F|  |TAMS 0x00000000a5f00000, 0x00000000a5f00000| Untracked 
|  84|0x00000000a6000000, 0x00000000a6000000, 0x00000000a6100000|  0%| F|  |TAMS 0x00000000a6000000, 0x00000000a6000000| Untracked 
|  85|0x00000000a6100000, 0x00000000a6100000, 0x00000000a6200000|  0%| F|  |TAMS 0x00000000a6100000, 0x00000000a6100000| Untracked 
|  86|0x00000000a6200000, 0x00000000a6200000, 0x00000000a6300000|  0%| F|  |TAMS 0x00000000a6200000, 0x00000000a6200000| Untracked 
|  87|0x00000000a6300000, 0x00000000a6300000, 0x00000000a6400000|  0%| F|  |TAMS 0x00000000a6300000, 0x00000000a6300000| Untracked 
|  88|0x00000000a6400000, 0x00000000a6400000, 0x00000000a6500000|  0%| F|  |TAMS 0x00000000a6400000, 0x00000000a6400000| Untracked 
|  89|0x00000000a6500000, 0x00000000a6500000, 0x00000000a6600000|  0%| F|  |TAMS 0x00000000a6500000, 0x00000000a6500000| Untracked 
|  90|0x00000000a6600000, 0x00000000a664b840, 0x00000000a6700000| 29%| S|CS|TAMS 0x00000000a6600000, 0x00000000a6600000| Complete 
|  91|0x00000000a6700000, 0x00000000a6800000, 0x00000000a6800000|100%| S|CS|TAMS 0x00000000a6700000, 0x00000000a6700000| Complete 
|  92|0x00000000a6800000, 0x00000000a6800000, 0x00000000a6900000|  0%| F|  |TAMS 0x00000000a6800000, 0x00000000a6800000| Untracked 
|  93|0x00000000a6900000, 0x00000000a6900000, 0x00000000a6a00000|  0%| F|  |TAMS 0x00000000a6900000, 0x00000000a6900000| Untracked 
|  94|0x00000000a6a00000, 0x00000000a6a00000, 0x00000000a6b00000|  0%| F|  |TAMS 0x00000000a6a00000, 0x00000000a6a00000| Untracked 
|  95|0x00000000a6b00000, 0x00000000a6b00000, 0x00000000a6c00000|  0%| F|  |TAMS 0x00000000a6b00000, 0x00000000a6b00000| Untracked 

Card table byte_map: [0x0000020c18040000,0x0000020c18340000] _byte_map_base: 0x0000020c17b3a000

Marking Bits (Prev, Next): (CMBitMap*) 0x0000020c03536e50, (CMBitMap*) 0x0000020c03536e90
 Prev Bits: [0x0000020c18640000, 0x0000020c19e10000)
 Next Bits: [0x0000020c19e10000, 0x0000020c1b5e0000)

Polling page: 0x0000020c035e0000

Metaspace:

Usage:
  Non-class:      8.99 MB capacity,     8.96 MB (>99%) used,    22.37 KB ( <1%) free+waste,    11.12 KB ( <1%) overhead. 
      Class:      1.02 MB capacity,   963.35 KB ( 92%) used,    77.40 KB (  7%) free+waste,     4.25 KB ( <1%) overhead. 
       Both:     10.01 MB capacity,     9.90 MB ( 99%) used,    99.77 KB ( <1%) free+waste,    15.38 KB ( <1%) overhead. 

Virtual space:
  Non-class space:       18.00 MB reserved,       9.00 MB ( 50%) committed 
      Class space:        1.00 GB reserved,       1.12 MB ( <1%) committed 
             Both:        1.02 GB reserved,      10.12 MB ( <1%) committed 

Chunk freelists:
   Non-Class:  11.00 KB
       Class:  11.00 KB
        Both:  22.00 KB

MaxMetaspaceSize: 17179869184.00 GB
CompressedClassSpaceSize: 1.00 GB

CodeHeap 'non-profiled nmethods': size=120000Kb used=127Kb max_used=127Kb free=119872Kb
 bounds [0x0000020c101f0000, 0x0000020c10460000, 0x0000020c17720000]
CodeHeap 'profiled nmethods': size=120000Kb used=631Kb max_used=631Kb free=119368Kb
 bounds [0x0000020c08cc0000, 0x0000020c08f30000, 0x0000020c101f0000]
CodeHeap 'non-nmethods': size=5760Kb used=1181Kb max_used=1195Kb free=4578Kb
 bounds [0x0000020c08720000, 0x0000020c08990000, 0x0000020c08cc0000]
 total_blobs=890 nmethods=448 adapters=355
 compilation: enabled
              stopped_count=0, restarted_count=0
 full_count=0

Compilation events (20 events):
Event: 0.353 Thread 0x0000020c1e57ead0  438       3       java.lang.String::endsWith (15 bytes)
Event: 0.353 Thread 0x0000020c1e57ead0 nmethod 438 0x0000020c08d5ac10 code [0x0000020c08d5ade0, 0x0000020c08d5b108]
Event: 0.356 Thread 0x0000020c1e57afc0  439       4       java.util.concurrent.ConcurrentHashMap::tabAt (22 bytes)
Event: 0.357 Thread 0x0000020c1e57afc0 nmethod 439 0x0000020c1020ef90 code [0x0000020c1020f100, 0x0000020c1020f158]
Event: 0.357 Thread 0x0000020c1e57ead0  440       3       java.lang.StringConcatHelper::prepend (37 bytes)
Event: 0.357 Thread 0x0000020c1e57ead0 nmethod 440 0x0000020c08d5b290 code [0x0000020c08d5b460, 0x0000020c08d5b718]
Event: 0.357 Thread 0x0000020c1e57ead0  441       1       java.lang.reflect.Field::getName (5 bytes)
Event: 0.357 Thread 0x0000020c1e57ead0 nmethod 441 0x0000020c1020f290 code [0x0000020c1020f420, 0x0000020c1020f4d8]
Event: 0.357 Thread 0x0000020c1e57ead0  442       3       sun.util.logging.PlatformLogger::isLoggable (23 bytes)
Event: 0.357 Thread 0x0000020c1e57ead0 nmethod 442 0x0000020c08d5b890 code [0x0000020c08d5ba40, 0x0000020c08d5bcf8]
Event: 0.357 Thread 0x0000020c1e57ead0  443       3       jdk.internal.logger.AbstractLoggerWrapper::isLoggable (26 bytes)
Event: 0.357 Thread 0x0000020c1e57ead0 nmethod 443 0x0000020c08d5be10 code [0x0000020c08d5c000, 0x0000020c08d5c558]
Event: 0.357 Thread 0x0000020c1e57ead0  444       3       jdk.internal.logger.LazyLoggers$LazyLoggerWrapper::platformProxy (10 bytes)
Event: 0.358 Thread 0x0000020c1e57ead0 nmethod 444 0x0000020c08d5c710 code [0x0000020c08d5c8c0, 0x0000020c08d5ca48]
Event: 0.358 Thread 0x0000020c1e57ead0  445   !   3       sun.awt.AppContext::get (123 bytes)
Event: 0.358 Thread 0x0000020c1e57ead0 nmethod 445 0x0000020c08d5cb10 code [0x0000020c08d5cd20, 0x0000020c08d5d728]
Event: 0.358 Thread 0x0000020c1e57ead0  446       1       java.beans.PropertyChangeEvent::getPropertyName (5 bytes)
Event: 0.358 Thread 0x0000020c1e57ead0 nmethod 446 0x0000020c1020f590 code [0x0000020c1020f720, 0x0000020c1020f7d8]
Event: 0.360 Thread 0x0000020c1e57ead0  448       3       java.lang.StringConcatHelper::checkOverflow (17 bytes)
Event: 0.360 Thread 0x0000020c1e57ead0 nmethod 448 0x0000020c08d5da90 code [0x0000020c08d5dc40, 0x0000020c08d5de28]

GC Heap History (2 events):
Event: 0.362 GC heap before
{Heap before GC invocations=0 (full 0):
 garbage-first heap   total 98304K, used 3072K [0x00000000a0c00000, 0x0000000100000000)
  region size 1024K, 4 young (4096K), 0 survivors (0K)
 Metaspace       used 10134K, capacity 10250K, committed 10368K, reserved 1064960K
  class space    used 963K, capacity 1045K, committed 1152K, reserved 1048576K
}
Event: 0.364 GC heap after
{Heap after GC invocations=1 (full 0):
 garbage-first heap   total 98304K, used 1326K [0x00000000a0c00000, 0x0000000100000000)
  region size 1024K, 2 young (2048K), 2 survivors (2048K)
 Metaspace       used 10134K, capacity 10250K, committed 10368K, reserved 1064960K
  class space    used 963K, capacity 1045K, committed 1152K, reserved 1048576K
}

Deoptimization events (4 events):
Event: 0.096 Thread 0x0000020c034fe8f0 Uncommon trap: trap_request=0xffffff45 fr.pc=0x0000020c101f43ac relative=0x000000000000020c
Event: 0.096 Thread 0x0000020c034fe8f0 Uncommon trap: reason=unstable_if action=reinterpret pc=0x0000020c101f43ac method=java.lang.String.hashCode()I @ 42 c2
Event: 0.096 Thread 0x0000020c034fe8f0 DEOPT PACKING pc=0x0000020c101f43ac sp=0x000000e114afd6b0
Event: 0.096 Thread 0x0000020c034fe8f0 DEOPT UNPACKING pc=0x0000020c0876e42f sp=0x000000e114afd648 mode 2

Classes unloaded (0 events):
No events

Classes redefined (0 events):
No events

Internal exceptions (11 events):
Event: 0.124 Thread 0x0000020c034fe8f0 Exception <a 'java/lang/NoSuchMethodError'{0x00000000a6bee0e0}: 'void java.lang.invoke.DirectMethodHandle$Holder.invokeSpecial(java.lang.Object, java.lang.Object, java.lang.Object)'> (0x00000000a6bee0e0) 
thrown [./open/src/hotspot/share/interpreter/linkResolver.cpp, line 782]
Event: 0.153 Thread 0x0000020c034fe8f0 Exception <a 'java/lang/ClassNotFoundException'{0x00000000a6a0e210}: sun/awt/resources/spi/awtProvider> (0x00000000a6a0e210) 
thrown [./open/src/hotspot/share/classfile/systemDictionary.cpp, line 295]
Event: 0.183 Thread 0x0000020c034fe8f0 Exception <a 'java/io/FileNotFoundException'{0x00000000a6a6a5a0}> (0x00000000a6a6a5a0) 
thrown [./open/src/hotspot/share/prims/jni.cpp, line 578]
Event: 0.192 Thread 0x0000020c034fe8f0 Exception <a 'java/io/FileNotFoundException'{0x00000000a6a990f8}> (0x00000000a6a990f8) 
thrown [./open/src/hotspot/share/prims/jni.cpp, line 578]
Event: 0.192 Thread 0x0000020c034fe8f0 Exception <a 'java/lang/NoSuchMethodError'{0x00000000a6a9a430}: 'java.lang.Object java.lang.invoke.DirectMethodHandle$Holder.invokeStatic(java.lang.Object)'> (0x00000000a6a9a430) 
thrown [./open/src/hotspot/share/interpreter/linkResolver.cpp, line 782]
Event: 0.249 Thread 0x0000020c034fe8f0 Exception <a 'java/lang/NoSuchMethodError'{0x00000000a6af67f8}: 'java.lang.Object java.lang.invoke.DirectMethodHandle$Holder.invokeStaticInit(java.lang.Object)'> (0x00000000a6af67f8) 
thrown [./open/src/hotspot/share/interpreter/linkResolver.cpp, line 782]
Event: 0.323 Thread 0x0000020c034fe8f0 Exception <a 'java/lang/NoSuchMethodError'{0x00000000a69ab898}: 'java.lang.Object java.lang.invoke.DirectMethodHandle$Holder.newInvokeSpecial(java.lang.Object, java.lang.Object, java.lang.Object, java.lang.Object, java.lang.Object)'> (0x00000000a69ab898) 
thrown [./open/src/hotspot/share/interpreter/linkResolver.cpp, line 782]
Event: 0.325 Thread 0x0000020c034fe8f0 Exception <a 'java/lang/NoSuchMethodError'{0x00000000a69b7328}: 'java.lang.Object java.lang.invoke.DirectMethodHandle$Holder.invokeStatic(java.lang.Object, int, java.lang.Object, java.lang.Object, java.lang.Object, java.lang.Object)'> (0x00000000a69b7328) 
thrown [./open/src/hotspot/share/interpreter/linkResolver.cpp, line 782]
Event: 0.328 Thread 0x0000020c034fe8f0 Exception <a 'java/lang/NoSuchMethodError'{0x00000000a69dd838}: 'java.lang.Object java.lang.invoke.DirectMethodHandle$Holder.invokeStatic(java.lang.Object, int, java.lang.Object)'> (0x00000000a69dd838) 
thrown [./open/src/hotspot/share/interpreter/linkResolver.cpp, line 782]
Event: 0.348 Thread 0x0000020c034fe8f0 Exception <a 'java/lang/ClassNotFoundException'{0x00000000a68960e8}: com/sun/swing/internal/plaf/metal/resources/spi/metalProvider> (0x00000000a68960e8) 
thrown [./open/src/hotspot/share/classfile/systemDictionary.cpp, line 295]
Event: 0.349 Thread 0x0000020c034fe8f0 Exception <a 'java/lang/ClassNotFoundException'{0x00000000a689a3f8}: com/sun/swing/internal/plaf/basic/resources/spi/basicProvider> (0x00000000a689a3f8) 
thrown [./open/src/hotspot/share/classfile/systemDictionary.cpp, line 295]

Events (20 events):
Event: 0.361 loading class java/awt/event/KeyListener done
Event: 0.361 loading class java/awt/event/WindowListener
Event: 0.361 loading class java/awt/event/WindowListener done
Event: 0.361 loading class java/awt/event/WindowFocusListener
Event: 0.361 loading class java/awt/event/WindowFocusListener done
Event: 0.361 loading class java/awt/event/WindowStateListener
Event: 0.361 loading class java/awt/event/WindowStateListener done
Event: 0.361 loading class java/awt/event/AdjustmentListener
Event: 0.361 loading class java/awt/event/AdjustmentListener done
Event: 0.361 loading class java/awt/event/TextListener
Event: 0.361 loading class java/awt/event/TextListener done
Event: 0.361 loading class java/awt/event/InputMethodListener
Event: 0.361 loading class java/awt/event/InputMethodListener done
Event: 0.361 loading class java/awt/event/HierarchyListener
Event: 0.361 loading class java/awt/event/HierarchyListener done
Event: 0.361 loading class java/awt/event/HierarchyBoundsListener
Event: 0.361 loading class java/awt/event/HierarchyBoundsListener done
Event: 0.361 loading class java/awt/event/MouseWheelListener
Event: 0.361 loading class java/awt/event/MouseWheelListener done
Event: 0.362 Executing VM operation: CollectForMetadataAllocation


Dynamic libraries:
0x00007ff7d3d90000 - 0x00007ff7d3d9d000 	C:\Users\User\.p2\pool\plugins\org.eclipse.justj.openjdk.hotspot.jre.full.win32.x86_64_15.0.2.v20210201-0955\jre\bin\javaw.exe
0x00007ffc32470000 - 0x00007ffc32665000 	C:\Windows\SYSTEM32\ntdll.dll
0x00007ffc30690000 - 0x00007ffc3074d000 	C:\Windows\System32\KERNEL32.DLL
0x00007ffc2fd30000 - 0x00007ffc2fff9000 	C:\Windows\System32\KERNELBASE.dll
0x00007ffc30160000 - 0x00007ffc30260000 	C:\Windows\System32\ucrtbase.dll
0x00007ffc259d0000 - 0x00007ffc259e9000 	C:\Users\User\.p2\pool\plugins\org.eclipse.justj.openjdk.hotspot.jre.full.win32.x86_64_15.0.2.v20210201-0955\jre\bin\VCRUNTIME140.dll
0x00007ffc259b0000 - 0x00007ffc259c8000 	C:\Users\User\.p2\pool\plugins\org.eclipse.justj.openjdk.hotspot.jre.full.win32.x86_64_15.0.2.v20210201-0955\jre\bin\jli.dll
0x00007ffc32180000 - 0x00007ffc32320000 	C:\Windows\System32\USER32.dll
0x00007ffc21c90000 - 0x00007ffc21f2a000 	C:\Windows\WinSxS\amd64_microsoft.windows.common-controls_6595b64144ccf1df_6.0.19041.1083_none_60bbe31371f34e71\COMCTL32.dll
0x00007ffc315d0000 - 0x00007ffc3166e000 	C:\Windows\System32\msvcrt.dll
0x00007ffc302f0000 - 0x00007ffc30312000 	C:\Windows\System32\win32u.dll
0x00007ffc32320000 - 0x00007ffc3234a000 	C:\Windows\System32\GDI32.dll
0x00007ffc30380000 - 0x00007ffc3048b000 	C:\Windows\System32\gdi32full.dll
0x00007ffc2fbb0000 - 0x00007ffc2fc4d000 	C:\Windows\System32\msvcp_win.dll
0x00007ffc307e0000 - 0x00007ffc30810000 	C:\Windows\System32\IMM32.DLL
0x00007ffc290f0000 - 0x00007ffc290fc000 	C:\Users\User\.p2\pool\plugins\org.eclipse.justj.openjdk.hotspot.jre.full.win32.x86_64_15.0.2.v20210201-0955\jre\bin\vcruntime140_1.dll
0x00007ffc1b510000 - 0x00007ffc1b5a1000 	C:\Users\User\.p2\pool\plugins\org.eclipse.justj.openjdk.hotspot.jre.full.win32.x86_64_15.0.2.v20210201-0955\jre\bin\msvcp140.dll
0x00007ffbd68b0000 - 0x00007ffbd740e000 	C:\Users\User\.p2\pool\plugins\org.eclipse.justj.openjdk.hotspot.jre.full.win32.x86_64_15.0.2.v20210201-0955\jre\bin\server\jvm.dll
0x00007ffc31670000 - 0x00007ffc3171c000 	C:\Windows\System32\ADVAPI32.dll
0x00007ffc31040000 - 0x00007ffc310db000 	C:\Windows\System32\sechost.dll
0x00007ffc30ae0000 - 0x00007ffc30c0a000 	C:\Windows\System32\RPCRT4.dll
0x00007ffc31150000 - 0x00007ffc31158000 	C:\Windows\System32\PSAPI.DLL
0x00007ffc25e20000 - 0x00007ffc25e29000 	C:\Windows\SYSTEM32\WSOCK32.dll
0x00007ffc29820000 - 0x00007ffc29847000 	C:\Windows\SYSTEM32\WINMM.dll
0x00007ffc29850000 - 0x00007ffc2985a000 	C:\Windows\SYSTEM32\VERSION.dll
0x00007ffc310e0000 - 0x00007ffc3114b000 	C:\Windows\System32\WS2_32.dll
0x00007ffc2db00000 - 0x00007ffc2db12000 	C:\Windows\SYSTEM32\kernel.appcore.dll
0x00007ffc211e0000 - 0x00007ffc211ea000 	C:\Users\User\.p2\pool\plugins\org.eclipse.justj.openjdk.hotspot.jre.full.win32.x86_64_15.0.2.v20210201-0955\jre\bin\jimage.dll
0x00007ffc1e100000 - 0x00007ffc1e2e4000 	C:\Windows\SYSTEM32\DBGHELP.DLL
0x00007ffc1db40000 - 0x00007ffc1db6c000 	C:\Windows\SYSTEM32\dbgcore.DLL
0x00007ffc30260000 - 0x00007ffc302e3000 	C:\Windows\System32\bcryptPrimitives.dll
0x00007ffc20570000 - 0x00007ffc20595000 	C:\Users\User\.p2\pool\plugins\org.eclipse.justj.openjdk.hotspot.jre.full.win32.x86_64_15.0.2.v20210201-0955\jre\bin\java.dll
0x00007ffc209d0000 - 0x00007ffc209e8000 	C:\Users\User\.p2\pool\plugins\org.eclipse.justj.openjdk.hotspot.jre.full.win32.x86_64_15.0.2.v20210201-0955\jre\bin\zip.dll
0x00007ffc31720000 - 0x00007ffc31e5f000 	C:\Windows\System32\SHELL32.dll
0x00007ffc2dd00000 - 0x00007ffc2e491000 	C:\Windows\SYSTEM32\windows.storage.dll
0x00007ffc30c10000 - 0x00007ffc30f65000 	C:\Windows\System32\combase.dll
0x00007ffc2f5b0000 - 0x00007ffc2f5dc000 	C:\Windows\SYSTEM32\Wldp.dll
0x00007ffc31ee0000 - 0x00007ffc31f8e000 	C:\Windows\System32\SHCORE.dll
0x00007ffc31e70000 - 0x00007ffc31ec5000 	C:\Windows\System32\shlwapi.dll
0x00007ffc2faf0000 - 0x00007ffc2fb0f000 	C:\Windows\SYSTEM32\profapi.dll
0x00007ffc1b180000 - 0x00007ffc1b2ff000 	C:\Users\User\.p2\pool\plugins\org.eclipse.justj.openjdk.hotspot.jre.full.win32.x86_64_15.0.2.v20210201-0955\jre\bin\awt.dll
0x00007ffc30f70000 - 0x00007ffc3103d000 	C:\Windows\System32\OLEAUT32.dll
0x00007ffc2d460000 - 0x00007ffc2d4f0000 	C:\Windows\SYSTEM32\apphelp.dll
0x00007ffc2d810000 - 0x00007ffc2d83f000 	C:\Windows\system32\DWMAPI.DLL
0x00007ffc2d620000 - 0x00007ffc2d6be000 	C:\Windows\system32\uxtheme.dll
0x00007ffbfcb80000 - 0x00007ffbfcca5000 	C:\Windows\system32\opengl32.dll
0x00007ffbfcb50000 - 0x00007ffbfcb7c000 	C:\Windows\SYSTEM32\GLU32.dll
0x00007ffc30940000 - 0x00007ffc30a55000 	C:\Windows\System32\MSCTF.dll
0x00007ffc31ff0000 - 0x00007ffc3211a000 	C:\Windows\System32\ole32.dll
0x00007ffbf4b90000 - 0x00007ffbf4d5e000 	C:\Windows\system32\d3d9.dll
0x00007ffc277d0000 - 0x00007ffc279ab000 	C:\Windows\System32\DriverStore\FileRepository\u0360470.inf_amd64_35c64671e7fac064\B360357\aticfx64.dll
0x00007ffc20910000 - 0x00007ffc20943000 	C:\Windows\System32\DriverStore\FileRepository\u0360470.inf_amd64_35c64671e7fac064\B360357\atiu9p64.dll
0x00007ffbd29e0000 - 0x00007ffbd3676000 	C:\Windows\System32\DriverStore\FileRepository\u0360470.inf_amd64_35c64671e7fac064\B360357\atiumd64.dll
0x00007ffc25d60000 - 0x00007ffc25d8f000 	C:\Windows\SYSTEM32\amdihk64.dll

dbghelp: loaded successfully - version: 4.0.5 - missing functions: none
symbol engine: initialized successfully - sym options: 0x614 - pdb path: .;C:\Users\User\.p2\pool\plugins\org.eclipse.justj.openjdk.hotspot.jre.full.win32.x86_64_15.0.2.v20210201-0955\jre\bin;C:\Windows\SYSTEM32;C:\Windows\WinSxS\amd64_microsoft.windows.common-controls_6595b64144ccf1df_6.0.19041.1083_none_60bbe31371f34e71;C:\Users\User\.p2\pool\plugins\org.eclipse.justj.openjdk.hotspot.jre.full.win32.x86_64_15.0.2.v20210201-0955\jre\bin\server;C:\Windows\System32\DriverStore\FileRepository\u0360470.inf_amd64_35c64671e7fac064\B360357

VM Arguments:
jvm_args: -Dfile.encoding=Cp1252 -XX:+ShowCodeDetailsInExceptionMessages 
java_command: myVendingMachine.vendingMachineMain
java_class_path (initial): C:\Users\User\eclipse-workspace\myVendingMachine\bin
Launcher Type: SUN_STANDARD

[Global flags]
     intx CICompilerCount                          = 3                                         {product} {ergonomic}
     uint ConcGCThreads                            = 1                                         {product} {ergonomic}
     uint G1ConcRefinementThreads                  = 4                                         {product} {ergonomic}
   size_t G1HeapRegionSize                         = 1048576                                   {product} {ergonomic}
    uintx GCDrainStackTargetSize                   = 64                                        {product} {ergonomic}
   size_t InitialHeapSize                          = 100663296                                 {product} {ergonomic}
   size_t MarkStackSize                            = 4194304                                   {product} {ergonomic}
   size_t MaxHeapSize                              = 1598029824                                {product} {ergonomic}
   size_t MaxNewSize                               = 958398464                                 {product} {ergonomic}
   size_t MinHeapDeltaBytes                        = 1048576                                   {product} {ergonomic}
   size_t MinHeapSize                              = 8388608                                   {product} {ergonomic}
    uintx NonNMethodCodeHeapSize                   = 5832780                                {pd product} {ergonomic}
    uintx NonProfiledCodeHeapSize                  = 122912730                              {pd product} {ergonomic}
    uintx ProfiledCodeHeapSize                     = 122912730                              {pd product} {ergonomic}
    uintx ReservedCodeCacheSize                    = 251658240                              {pd product} {ergonomic}
     bool SegmentedCodeCache                       = true                                      {product} {ergonomic}
     bool ShowCodeDetailsInExceptionMessages       = true                                   {manageable} {command line}
   size_t SoftMaxHeapSize                          = 1598029824                             {manageable} {ergonomic}
     bool UseCompressedClassPointers               = true                                 {lp64_product} {ergonomic}
     bool UseCompressedOops                        = true                                 {lp64_product} {ergonomic}
     bool UseG1GC                                  = true                                      {product} {ergonomic}
     bool UseLargePagesIndividualAllocation        = false                                  {pd product} {ergonomic}

Logging:
Log output configuration:
 #0: stdout all=warning uptime,level,tags
 #1: stderr all=off uptime,level,tags

Environment Variables:
PATH=C:/Users/User/.p2/pool/plugins/org.eclipse.justj.openjdk.hotspot.jre.full.win32.x86_64_15.0.2.v20210201-0955/jre/bin/server;C:/Users/User/.p2/pool/plugins/org.eclipse.justj.openjdk.hotspot.jre.full.win32.x86_64_15.0.2.v20210201-0955/jre/bin;C:\Program Files\Common Files\Oracle\Java\javapath;C:\Program Files (x86)\Common Files\Oracle\Java\javapath;C:\Program Files (x86)\Common Files\Intel\Shared Libraries\redist\intel64\compiler;C:\ProgramData\Oracle\Java\javapath;C:\Windows\system32;C:\Windows;C:\Windows\System32\Wbem;C:\Windows\System32\WindowsPowerShell\v1.0\;C:\Windows\System32\OpenSSH\;C:\Program Files\MySQL\MySQL Shell 8.0\bin\;C:\Users\User\AppData\Local\Microsoft\WindowsApps;;C:\Users\User\Desktop;
USERNAME=User
OS=Windows_NT
PROCESSOR_IDENTIFIER=AMD64 Family 23 Model 24 Stepping 1, AuthenticAMD



---------------  S Y S T E M  ---------------

OS:
 Windows 10 , 64 bit Build 19041 (10.0.19041.1023)
OS uptime: 0 days 6:25 hours

CPU: total 4 (initial active 4) (4 cores per cpu, 1 threads per core) family 23 model 24 stepping 1 microcode 0x0, cmov, cx8, fxsr, mmx, sse, sse2, sse3, ssse3, sse4.1, sse4.2, popcnt, vzeroupper, avx, avx2, aes, clmul, 3dnowpref, lzcnt, sse4a, tsc, tscinvbit, tscinv, bmi1, bmi2, adx, sha, fma, clflush, clflushopt

Memory: 4k page, system-wide physical 6092M (565M free)
TotalPageFile size 24524M (AvailPageFile size 2M)
current process WorkingSet (physical memory assigned to process): 50M, peak: 50M
current process commit charge ("private bytes"): 172M, peak: 178M

vm_info: OpenJDK 64-Bit Server VM (15.0.2+7-27) for windows-amd64 JRE (15.0.2+7-27), built on Dec  7 2020 20:02:38 by "mach5one" with unknown MS VC++:1925

END.
